<?xml version="1.0" encoding="UTF-8"?>
<testng-results ignored="0" total="1" passed="1" failed="0" skipped="0">
  <reporter-output>
  </reporter-output>
  <suite started-at="2023-04-10T20:08:46 BDT" name="Surefire suite" finished-at="2023-04-10T20:08:46 BDT" duration-ms="17">
    <groups>
    </groups>
    <test started-at="2023-04-10T20:08:46 BDT" name="Surefire test" finished-at="2023-04-10T20:08:46 BDT" duration-ms="17">
      <class name="Rokomari.com.RokomariProject.AppTest">
        <test-method signature="testApp()[pri:0, instance:testApp(Rokomari.com.RokomariProject.AppTest)]" started-at="2023-04-10T20:08:46 BDT" name="testApp" finished-at="2023-04-10T20:08:46 BDT" duration-ms="1" status="PASS">
          <reporter-output>
          </reporter-output>
        </test-method> <!-- testApp -->
      </class> <!-- Rokomari.com.RokomariProject.AppTest -->
    </test> <!-- Surefire test -->
  </suite> <!-- Surefire suite -->
</testng-results>
