<?xml version="1.0" encoding="UTF-8"?>
<!-- Generated by org.testng.reporters.JUnitXMLReporter -->
<testsuite ignored="9" hostname="ApurboKabbo" failures="0" tests="1" name="Default test" time="45.326" errors="0" timestamp="2023-04-09T23:05:43 BDT">
  <testcase classname="testcases.CartPageTeseCase" name="clickOnPlaceOrder" time="45.129"/>
  <testcase classname="testcases.CartPageTeseCase" name="clickOnCheckBox" time="0.0">
    <ignored/>
  </testcase> <!-- clickOnCheckBox -->
  <testcase classname="testcases.CartPageTeseCase" name="writerNameAssertion" time="0.0">
    <ignored/>
  </testcase> <!-- writerNameAssertion -->
  <testcase classname="testcases.CartPageTeseCase" name="visitCartPage" time="0.0">
    <ignored/>
  </testcase> <!-- visitCartPage -->
  <testcase classname="testcases.CartPageTeseCase" name="bookNameAssertion" time="0.0">
    <ignored/>
  </testcase> <!-- bookNameAssertion -->
  <testcase classname="testcases.CartPageTeseCase" name="landingPageToCartPage" time="0.0">
    <ignored/>
  </testcase> <!-- landingPageToCartPage -->
  <testcase classname="testcases.CartPageTeseCase" name="clickOnPlusButton" time="0.0">
    <ignored/>
  </testcase> <!-- clickOnPlusButton -->
  <testcase classname="testcases.CartPageTeseCase" name="clickOnMinusButton" time="0.0">
    <ignored/>
  </testcase> <!-- clickOnMinusButton -->
  <testcase classname="testcases.CartPageTeseCase" name="goToCartAsLogin" time="0.0">
    <ignored/>
  </testcase> <!-- goToCartAsLogin -->
  <testcase classname="testcases.CartPageTeseCase" name="clickOnWishlist" time="0.0">
    <ignored/>
  </testcase> <!-- clickOnWishlist -->
</testsuite> <!-- Default test -->
