<?xml version="1.0" encoding="UTF-8"?>
<!-- Generated by org.testng.reporters.JUnitXMLReporter -->
<testsuite ignored="1" hostname="ApurboKabbo" failures="0" tests="1" name="Default test" time="68.903" errors="0" timestamp="2023-04-10T20:01:12 BDT">
  <testcase classname="testcases.ShippingPageTeseCase" name="shippingPageDataFillUp" time="68.693"/>
  <testcase classname="testcases.ShippingPageTeseCase" name="visitShippingPage" time="0.0">
    <ignored/>
  </testcase> <!-- visitShippingPage -->
</testsuite> <!-- Default test -->
