<?xml version="1.0" encoding="UTF-8"?>
<testng-results ignored="0" total="1" passed="1" failed="0" skipped="0">
  <reporter-output>
  </reporter-output>
  <suite started-at="2023-04-08T01:04:47 BDT" name="Default suite" finished-at="2023-04-08T01:04:56 BDT" duration-ms="8445">
    <groups>
    </groups>
    <test started-at="2023-04-08T01:04:47 BDT" name="Default test" finished-at="2023-04-08T01:04:56 BDT" duration-ms="8445">
      <class name="testcases.LandingPageTestCase">
        <test-method is-config="true" signature="setBrowser()[pri:0, instance:testcases.LandingPageTestCase@48aca48b]" started-at="2023-04-08T01:04:39 BDT" name="setBrowser" finished-at="2023-04-08T01:04:47 BDT" duration-ms="8250" status="PASS">
          <reporter-output>
          </reporter-output>
        </test-method> <!-- setBrowser -->
        <test-method signature="test1()[pri:0, instance:testcases.LandingPageTestCase@48aca48b]" started-at="2023-04-08T01:04:48 BDT" name="test1" finished-at="2023-04-08T01:04:56 BDT" duration-ms="8296" status="PASS">
          <reporter-output>
          </reporter-output>
        </test-method> <!-- test1 -->
        <test-method is-config="true" signature="quitBrowser()[pri:0, instance:testcases.LandingPageTestCase@48aca48b]" started-at="2023-04-08T01:04:56 BDT" name="quitBrowser" finished-at="2023-04-08T01:04:59 BDT" duration-ms="3098" status="PASS">
          <reporter-output>
          </reporter-output>
        </test-method> <!-- quitBrowser -->
      </class> <!-- testcases.LandingPageTestCase -->
    </test> <!-- Default test -->
  </suite> <!-- Default suite -->
</testng-results>
